[01-Jul-2025 18:00:03 UTC] PHP Fatal error:  Uncaught Error: Call to undefined function get_fields() in /var/www/html/wp-content/themes/wp-musmek/assets/php/globals.php:21
Stack trace:
#0 /var/www/html/wp-content/themes/wp-musmek/template-parts/parts/the-header.php(2): get_option_fields()
#1 /var/www/html/wp-includes/template.php(812): require('/var/www/html/w...')
#2 /var/www/html/wp-includes/template.php(745): load_template('/var/www/html/w...', false, Array)
#3 /var/www/html/wp-includes/general-template.php(206): locate_template(Array, true, false, Array)
#4 /var/www/html/wp-content/themes/wp-musmek/header.php(12): get_template_part('template-parts/...')
#5 /var/www/html/wp-includes/template.php(810): require_once('/var/www/html/w...')
#6 /var/www/html/wp-includes/template.php(745): load_template('/var/www/html/w...', true, Array)
#7 /var/www/html/wp-includes/general-template.php(48): locate_template(Array, true, true, Array)
#8 /var/www/html/wp-content/themes/wp-musmek/index.php(2): get_header()
#9 /var/www/html/wp-includes/template-loader.php(106): include('/var/www/html/w...')
#10 /var/www/html/wp-blog-header.php(19): require_once('/var/www/html/w...')
#11 /var/www/html/index.php(17): require('/var/www/html/w...')
#12 {main}
  thrown in /var/www/html/wp-content/themes/wp-musmek/assets/php/globals.php on line 21
[01-Jul-2025 18:00:25 UTC] PHP Fatal error:  Uncaught Error: Call to undefined function get_fields() in /var/www/html/wp-content/themes/wp-musmek/assets/php/globals.php:21
Stack trace:
#0 /var/www/html/wp-content/themes/wp-musmek/template-parts/parts/the-header.php(2): get_option_fields()
#1 /var/www/html/wp-includes/template.php(812): require('/var/www/html/w...')
#2 /var/www/html/wp-includes/template.php(745): load_template('/var/www/html/w...', false, Array)
#3 /var/www/html/wp-includes/general-template.php(206): locate_template(Array, true, false, Array)
#4 /var/www/html/wp-content/themes/wp-musmek/header.php(12): get_template_part('template-parts/...')
#5 /var/www/html/wp-includes/template.php(810): require_once('/var/www/html/w...')
#6 /var/www/html/wp-includes/template.php(745): load_template('/var/www/html/w...', true, Array)
#7 /var/www/html/wp-includes/general-template.php(48): locate_template(Array, true, true, Array)
#8 /var/www/html/wp-content/themes/wp-musmek/index.php(2): get_header()
#9 /var/www/html/wp-includes/template-loader.php(106): include('/var/www/html/w...')
#10 /var/www/html/wp-blog-header.php(19): require_once('/var/www/html/w...')
#11 /var/www/html/index.php(17): require('/var/www/html/w...')
#12 {main}
  thrown in /var/www/html/wp-content/themes/wp-musmek/assets/php/globals.php on line 21
[01-Jul-2025 18:02:53 UTC] PHP Fatal error:  Uncaught Error: Call to undefined function get_fields() in /var/www/html/wp-content/themes/wp-musmek/assets/php/globals.php:21
Stack trace:
#0 /var/www/html/wp-content/themes/wp-musmek/template-parts/parts/the-header.php(2): get_option_fields()
#1 /var/www/html/wp-includes/template.php(812): require('/var/www/html/w...')
#2 /var/www/html/wp-includes/template.php(745): load_template('/var/www/html/w...', false, Array)
#3 /var/www/html/wp-includes/general-template.php(206): locate_template(Array, true, false, Array)
#4 /var/www/html/wp-content/themes/wp-musmek/header.php(12): get_template_part('template-parts/...')
#5 /var/www/html/wp-includes/template.php(810): require_once('/var/www/html/w...')
#6 /var/www/html/wp-includes/template.php(745): load_template('/var/www/html/w...', true, Array)
#7 /var/www/html/wp-includes/general-template.php(48): locate_template(Array, true, true, Array)
#8 /var/www/html/wp-content/themes/wp-musmek/index.php(2): get_header()
#9 /var/www/html/wp-includes/template-loader.php(106): include('/var/www/html/w...')
#10 /var/www/html/wp-blog-header.php(19): require_once('/var/www/html/w...')
#11 /var/www/html/index.php(17): require('/var/www/html/w...')
#12 {main}
  thrown in /var/www/html/wp-content/themes/wp-musmek/assets/php/globals.php on line 21
[01-Jul-2025 18:02:55 UTC] PHP Fatal error:  Uncaught Error: Call to undefined function get_fields() in /var/www/html/wp-content/themes/wp-musmek/assets/php/globals.php:21
Stack trace:
#0 /var/www/html/wp-content/themes/wp-musmek/template-parts/parts/the-header.php(2): get_option_fields()
#1 /var/www/html/wp-includes/template.php(812): require('/var/www/html/w...')
#2 /var/www/html/wp-includes/template.php(745): load_template('/var/www/html/w...', false, Array)
#3 /var/www/html/wp-includes/general-template.php(206): locate_template(Array, true, false, Array)
#4 /var/www/html/wp-content/themes/wp-musmek/header.php(12): get_template_part('template-parts/...')
#5 /var/www/html/wp-includes/template.php(810): require_once('/var/www/html/w...')
#6 /var/www/html/wp-includes/template.php(745): load_template('/var/www/html/w...', true, Array)
#7 /var/www/html/wp-includes/general-template.php(48): locate_template(Array, true, true, Array)
#8 /var/www/html/wp-content/themes/wp-musmek/index.php(2): get_header()
#9 /var/www/html/wp-includes/template-loader.php(106): include('/var/www/html/w...')
#10 /var/www/html/wp-blog-header.php(19): require_once('/var/www/html/w...')
#11 /var/www/html/index.php(17): require('/var/www/html/w...')
#12 {main}
  thrown in /var/www/html/wp-content/themes/wp-musmek/assets/php/globals.php on line 21
